Época	Error de test	Error train	Array de pesos
0	0.0666666666667	0.135416666667	
1	0.1	0.09375	
2	0.0666666666667	0.0416666666667	
3	0.1	0.03125	
4	0.0666666666667	0.03125	
5	0.1	0.03125	
6	0.1	0.0208333333333	
7	0.1	0.03125	
8	0.1	0.0208333333333	
9	0.1	0.03125	
10	0.1	0.03125	
11	0.1	0.03125	
12	0.1	0.03125	
13	0.1	0.0208333333333	
14	0.1	0.03125	
15	0.1	0.0208333333333	
16	0.1	0.03125	
17	0.1	0.0208333333333	
18	0.1	0.03125	
19	0.1	0.0208333333333	
20	0.1	0.03125	
21	0.1	0.0208333333333	
22	0.1	0.03125	
23	0.1	0.0208333333333	
24	0.1	0.0208333333333	
25	0.1	0.0208333333333	
26	0.1	0.0208333333333	
27	0.1	0.0208333333333	
28	0.1	0.0208333333333	
29	0.1	0.0208333333333	
30	0.1	0.0208333333333	
31	0.1	0.0208333333333	
32	0.1	0.0208333333333	
33	0.1	0.0208333333333	
34	0.1	0.0208333333333	
35	0.1	0.0208333333333	
36	0.1	0.0208333333333	
37	0.1	0.0208333333333	
38	0.1	0.0208333333333	
39	0.1	0.0208333333333	
40	0.1	0.0208333333333	
41	0.1	0.0208333333333	
42	0.1	0.0208333333333	
43	0.1	0.0208333333333	
44	0.1	0.0208333333333	
45	0.1	0.0208333333333	
46	0.1	0.0208333333333	
47	0.1	0.0208333333333	
48	0.1	0.0208333333333	
49	0.1	0.0208333333333	
50	0.1	0.0208333333333	
51	0.1	0.0208333333333	
52	0.1	0.0208333333333	
53	0.1	0.0208333333333	
54	0.1	0.0208333333333	
55	0.1	0.0104166666667	
56	0.1	0.0208333333333	
57	0.1	0.0208333333333	
58	0.1	0.0208333333333	
59	0.1	0.0208333333333	
60	0.1	0.0208333333333	
61	0.1	0.0208333333333	
62	0.1	0.0208333333333	
63	0.1	0.0208333333333	
64	0.1	0.0208333333333	
65	0.1	0.0208333333333	
66	0.1	0.0208333333333	
67	0.1	0.0208333333333	
68	0.1	0.0208333333333	
69	0.1	0.0104166666667	
70	0.1	0.0104166666667	
71	0.1	0.0104166666667	
72	0.1	0.0208333333333	
73	0.1	0.0104166666667	
74	0.1	0.0104166666667	
75	0.1	0.0104166666667	
76	0.1	0.0104166666667	
77	0.1	0.0104166666667	
78	0.1	0.0208333333333	
79	0.1	0.0104166666667	
80	0.1	0.0104166666667	
81	0.1	0.0104166666667	
82	0.1	0.0104166666667	
83	0.1	0.0104166666667	
84	0.1	0.0208333333333	
85	0.1	0.0104166666667	
86	0.1	0.0104166666667	
87	0.1	0.0104166666667	
88	0.1	0.0104166666667	
89	0.1	0.0104166666667	
90	0.1	0.0208333333333	
91	0.1	0.0104166666667	
92	0.1	0.0104166666667	
93	0.1	0.0104166666667	
94	0.1	0.0104166666667	
95	0.1	0.0104166666667	
96	0.1	0.0208333333333	
97	0.1	0.0104166666667	
98	0.1	0.0104166666667	
99	0.1	0.0104166666667	
100	0.1	0.0208333333333	
101	0.1	0.0104166666667	
102	0.1	0.0104166666667	
103	0.1	0.0104166666667	
104	0.1	0.0104166666667	
105	0.1	0.0104166666667	
106	0.1	0.0104166666667	
107	0.1	0.0104166666667	
108	0.1	0.0104166666667	
109	0.1	0.0104166666667	
110	0.1	0.0104166666667	
111	0.1	0.0104166666667	
112	0.1	0.0104166666667	
113	0.1	0.0104166666667	
114	0.1	0.0104166666667	
115	0.1	0.0104166666667	
116	0.1	0.0104166666667	
117	0.1	0.0104166666667	
118	0.1	0.0104166666667	
119	0.1	0.0104166666667	
120	0.1	0.0104166666667	
121	0.1	0.0104166666667	
122	0.1	0.0104166666667	
123	0.1	0.0104166666667	
124	0.1	0.0104166666667	
125	0.1	0.0104166666667	
126	0.1	0.0104166666667	
127	0.1	0.0104166666667	
128	0.1	0.0104166666667	
129	0.1	0.0104166666667	
130	0.1	0.0104166666667	
131	0.1	0.0104166666667	
132	0.1	0.0104166666667	
133	0.1	0.0104166666667	
134	0.1	0.0104166666667	
135	0.1	0.0104166666667	
136	0.1	0.0104166666667	
137	0.1	0.0104166666667	
138	0.1	0.0104166666667	
139	0.1	0.0104166666667	
140	0.1	0.0104166666667	
141	0.1	0.0104166666667	
142	0.1	0.0104166666667	
143	0.1	0.0104166666667	
144	0.1	0.0104166666667	
145	0.1	0.0104166666667	
146	0.1	0.0104166666667	
147	0.1	0.0104166666667	
148	0.1	0.0104166666667	
149	0.1	0.0104166666667	
150	0.1	0.0104166666667	
